<?xml version="1.0" encoding="UTF-8"?>
<testsuite name="CefParser_Tests" tests="6" skipped="0" failures="6" errors="0" timestamp="2015-04-16T22:05:06" hostname="scala" time="0.016">
  <properties/>
  <testcase name="01 CefParser_Tests: test meta matches - no error - eNULL" classname="CefParser_Tests" time="0.0">
    <failure message="groovy.lang.MissingPropertyException: No such property: Error for class: cefpass.CefParser" type="groovy.lang.MissingPropertyException">groovy.lang.MissingPropertyException: No such property: Error for class: cefpass.CefParser
	at CefParser_Tests.01 CefParser_Tests: test meta matches - no error - eNULL(CefParser_Tests.groovy:18)
</failure>
  </testcase>
  <testcase name="02 CefParser_Tests: test variable mismatch" classname="CefParser_Tests" time="0.016">
    <failure message="groovy.lang.GroovyRuntimeException: Could not find matching constructor for: cefpass.CefParserException(cefpass.CefParserException$Error)" type="groovy.lang.GroovyRuntimeException">groovy.lang.GroovyRuntimeException: Could not find matching constructor for: cefpass.CefParserException(cefpass.CefParserException$Error)
	at cefpass.CefParser.fatal_error(CefParser.groovy:58)
	at cefpass.CefParser.etxMeta(CefParser.groovy:71)
	at cefpass.CefParser.test_kv(CefParser.groovy:122)
	at CefParser_Tests.02 CefParser_Tests: test variable mismatch(CefParser_Tests.groovy:27)
</failure>
  </testcase>
  <testcase name="03 CefParser_Tests: test start_meta - end variable mismatch" classname="CefParser_Tests" time="0.0">
    <failure message="groovy.lang.GroovyRuntimeException: Could not find matching constructor for: cefpass.CefParserException(cefpass.CefParserException$Error)" type="groovy.lang.GroovyRuntimeException">groovy.lang.GroovyRuntimeException: Could not find matching constructor for: cefpass.CefParserException(cefpass.CefParserException$Error)
	at cefpass.CefParser.fatal_error(CefParser.groovy:58)
	at cefpass.CefParser.etxVar(CefParser.groovy:85)
	at cefpass.CefParser.test_kv(CefParser.groovy:124)
	at CefParser_Tests.03 CefParser_Tests: test start_meta - end variable mismatch(CefParser_Tests.groovy:38)
</failure>
  </testcase>
  <testcase name="04 CefParser_Tests: test include errors INCLUDE_FILE_DUPLICATE" classname="CefParser_Tests" time="0.0">
    <failure message="groovy.lang.GroovyRuntimeException: Could not find matching constructor for: cefpass.CefParserException(cefpass.CefParserException$Error)" type="groovy.lang.GroovyRuntimeException">groovy.lang.GroovyRuntimeException: Could not find matching constructor for: cefpass.CefParserException(cefpass.CefParserException$Error)
	at cefpass.CefParser.fatal_error(CefParser.groovy:58)
	at cefpass.CefParser.includeFileDuplicate(CefParser.groovy:96)
	at CefParser_Tests.04 CefParser_Tests: test include errors INCLUDE_FILE_DUPLICATE(CefParser_Tests.groovy:48)
</failure>
  </testcase>
  <testcase name="05 CefParser_Tests: test include errors INCLUDE_FILE_NOT_FOUND" classname="CefParser_Tests" time="0.0">
    <failure message="groovy.lang.GroovyRuntimeException: Could not find matching constructor for: cefpass.CefParserException(cefpass.CefParserException$Error)" type="groovy.lang.GroovyRuntimeException">groovy.lang.GroovyRuntimeException: Could not find matching constructor for: cefpass.CefParserException(cefpass.CefParserException$Error)
	at cefpass.CefParser.fatal_error(CefParser.groovy:58)
	at cefpass.CefParser.includeFileNotFound(CefParser.groovy:102)
	at CefParser_Tests.05 CefParser_Tests: test include errors INCLUDE_FILE_NOT_FOUND(CefParser_Tests.groovy:58)
</failure>
  </testcase>
  <testcase name="06 CefParser_Tests: test include errors INCLUDE_FILE_LEVEL_8" classname="CefParser_Tests" time="0.0">
    <failure message="groovy.lang.GroovyRuntimeException: Could not find matching constructor for: cefpass.CefParserException(cefpass.CefParserException$Error)" type="groovy.lang.GroovyRuntimeException">groovy.lang.GroovyRuntimeException: Could not find matching constructor for: cefpass.CefParserException(cefpass.CefParserException$Error)
	at cefpass.CefParser.fatal_error(CefParser.groovy:58)
	at cefpass.CefParser.includeFileLevel8(CefParser.groovy:108)
	at CefParser_Tests.06 CefParser_Tests: test include errors INCLUDE_FILE_LEVEL_8(CefParser_Tests.groovy:68)
</failure>
  </testcase>
  <system-out><![CDATA[]]></system-out>
  <system-err><![CDATA[]]></system-err>
</testsuite>
