<?xml version="1.0" encoding="UTF-8"?>
<testsuite name="AppTest2" tests="1" skipped="0" failures="0" errors="0" timestamp="2015-04-05T23:16:47" hostname="scala" time="0.223">
  <properties/>
  <testcase name="Second Test (args): App.stages" classname="AppTest2" time="0.223"/>
  <system-out><![CDATA[Stage 1: 

CEF Filename:
	C:/_CEF_CEH_EXAMPLES_2013_VALIDATOR_/CEF/EDI/C3_CP_EDI_EGD__20111009_V01.cef.gz

Search Folders:
	C:/_CEF_CEH_EXAMPLES_2013_VALIDATOR_/CEF/_TEST_SAMPLES/MULTI_LEVEL_INCLUDES
	C:/_CEF_CEH_EXAMPLES_2013_VALIDATOR_/HEADERS
	C:/_CEF_CEH_EXAMPLES_2013_VALIDATOR_/HEADERS/EDI
	C:/_CEF_CEH_EXAMPLES_2013_VALIDATOR_/HEADERS/EFW
	C:/_CEF_CEH_EXAMPLES_2013_VALIDATOR_/HEADERS/PEACE
############ cefpass.LogsC:/work.dev/2015.03.22 github cef pass v2/v0/_logs
Stage 2: 
Data: !
** ** ** ** writeTextFile: nodes.xml
** ++ == ** writeTextFilePath: C:/work.dev/2015.03.22 github cef pass v2/v0/_logs/2015-04-06.807121\nodes.xml
Stage 3: 
Stage 4: 


RuleSets::run()

RuleSet00::run()
Rule: 0.00          All START_META must have END_META                                               Skipped
Rule: 0.01          All START_VARIABLE must have END_VARIABLE                                       Skipped
  error_Message     Syntax error – START_VARIABLE/ END_VARIABLE mismatch
  error_Type        Fatal Error
  keyword           START_VARIABLE/END_VARIABLE
  rule              0.01
  caveats           NA
  cardinality       NA
  scope             GENERAL
  notes             -
  data_type         METADATA
  description       All START_VARIABLE must have END_VARIABLE

Rule: 0.02          All include files must exist                                                    Skipped

RuleSet01::run()
Rule: 1.01          Name of file on disk equals FILE_NAME                                           Skipped
Rule: 1.00          Must exist                                                                      Skipped
Rule: 1.02          Must exist                                                                      Skipped
Rule: 1.03          Must exist BUT may be blank                                                     Skipped
Rule: 1.04          All include files must exist                                                    Skipped

RuleSet02::run()
Rule: 2.01          Must have ENTRY= field                                                          Skipped
Rule: 2.02          If VALUE_TYPE provided, value must be of type indicated                         Skipped
Rule: 2.03          REQUIRED VARIABLES (below)                                                      Skipped
Rule: 2.04          must be cef                                                                     Skipped
Rule: 2.05          must be valid integer                                                           Skipped
Rule: 2.06          Same as Filename without extension                                              Skipped
Rule: 2.07          VERSION_NUMBER must match version number in filename                            Skipped
Rule: 2.08          must be valid integer                                                           Skipped
Rule: 2.09          must be ISO_TIME_RANGE                                                          Skipped
Rule: 2.10          START_TIME must be before STOP TIME                                             Skipped
Rule: 2.11          Timespan of data RECORDS must be between FILE_TIME_SPAN                         Skipped

RuleSet99::run()
Stage 5: 
]]></system-out>
  <system-err><![CDATA[]]></system-err>
</testsuite>
